<?xml version="1.0" encoding="UTF-8"?>
<!-- Generated by org.testng.reporters.JUnitXMLReporter -->
<testsuite ignored="2" hostname="testing" failures="0" tests="3" name="Login" time="17.19" errors="0" timestamp="2023-10-17T03:19:23 GMT">
  <testcase classname="com.TestNG.Tests.OrangeHRM" name="LaunchApp" time="4.346"/>
  <testcase classname="com.TestNG.Tests.OrangeHRM" name="Login" time="1.301"/>
  <testcase classname="com.TestNG.Tests.OrangeHRM" name="VerifyLogin" time="2.083"/>
  <testcase classname="com.TestNG.Tests.OrangeHRM" name="NavigateToMyInfo" time="0.0">
    <ignored/>
  </testcase> <!-- NavigateToMyInfo -->
  <testcase classname="com.TestNG.Tests.OrangeHRM" name="VerifyMyInfo" time="0.0">
    <ignored/>
  </testcase> <!-- VerifyMyInfo -->
</testsuite> <!-- Login -->
