<?xml version="1.0" encoding="UTF-8"?>
<testng-results ignored="0" total="7" passed="7" failed="0" skipped="0">
  <reporter-output>
  </reporter-output>
  <suite started-at="2023-10-21T09:39:19 GMT" name="DemoSuite" finished-at="2023-10-21T09:40:02 GMT" duration-ms="42630">
    <groups>
    </groups>
    <test started-at="2023-10-21T09:39:19 GMT" name="Login" finished-at="2023-10-21T09:39:42 GMT" duration-ms="23324">
      <class name="com.TestNG.Tests.OrangeHRM">
        <test-method is-config="true" signature="InitialiseBrowser(java.lang.String)[pri:0, instance:com.TestNG.Tests.OrangeHRM@17d88132]" started-at="2023-10-21T09:39:19 GMT" name="InitialiseBrowser" finished-at="2023-10-21T09:39:29 GMT" duration-ms="10175" status="PASS">
          <params>
            <param index="0">
              <value>
                <![CDATA[edge]]>
              </value>
            </param>
          </params>
          <reporter-output>
          </reporter-output>
        </test-method> <!-- InitialiseBrowser -->
        <test-method signature="LaunchApp()[pri:0, instance:com.TestNG.Tests.OrangeHRM@17d88132]" started-at="2023-10-21T09:39:30 GMT" name="LaunchApp" finished-at="2023-10-21T09:39:35 GMT" duration-ms="5005" status="PASS">
          <reporter-output>
          </reporter-output>
        </test-method> <!-- LaunchApp -->
        <test-method signature="Login(java.lang.String,java.lang.String)[pri:0, instance:com.TestNG.Tests.OrangeHRM@17d88132]" started-at="2023-10-21T09:39:35 GMT" name="Login" finished-at="2023-10-21T09:39:37 GMT" duration-ms="2038" status="PASS">
          <params>
            <param index="0">
              <value>
                <![CDATA[Admin]]>
              </value>
            </param>
            <param index="1">
              <value>
                <![CDATA[admin123]]>
              </value>
            </param>
          </params>
          <reporter-output>
          </reporter-output>
        </test-method> <!-- Login -->
        <test-method signature="VerifyLogin()[pri:0, instance:com.TestNG.Tests.OrangeHRM@17d88132]" started-at="2023-10-21T09:39:37 GMT" name="VerifyLogin" finished-at="2023-10-21T09:39:39 GMT" duration-ms="2221" status="PASS">
          <reporter-output>
          </reporter-output>
        </test-method> <!-- VerifyLogin -->
        <test-method is-config="true" signature="Teardown(java.lang.Long)[pri:0, instance:com.TestNG.Tests.OrangeHRM@17d88132]" started-at="2023-10-21T09:39:39 GMT" name="Teardown" finished-at="2023-10-21T09:39:42 GMT" duration-ms="3356" status="PASS">
          <params>
            <param index="0">
              <value>
                <![CDATA[3000]]>
              </value>
            </param>
          </params>
          <reporter-output>
          </reporter-output>
        </test-method> <!-- Teardown -->
      </class> <!-- com.TestNG.Tests.OrangeHRM -->
    </test> <!-- Login -->
    <test started-at="2023-10-21T09:39:43 GMT" name="MyInfo" finished-at="2023-10-21T09:40:02 GMT" duration-ms="19193">
      <class name="com.TestNG.Tests.OrangeHRM">
        <test-method is-config="true" signature="InitialiseBrowser(java.lang.String)[pri:0, instance:com.TestNG.Tests.OrangeHRM@63f259c3]" started-at="2023-10-21T09:39:43 GMT" name="InitialiseBrowser" finished-at="2023-10-21T09:39:47 GMT" duration-ms="3990" status="PASS">
          <params>
            <param index="0">
              <value>
                <![CDATA[chrome]]>
              </value>
            </param>
          </params>
          <reporter-output>
          </reporter-output>
        </test-method> <!-- InitialiseBrowser -->
        <test-method signature="LaunchApp()[pri:0, instance:com.TestNG.Tests.OrangeHRM@63f259c3]" started-at="2023-10-21T09:39:47 GMT" name="LaunchApp" finished-at="2023-10-21T09:39:51 GMT" duration-ms="4320" status="PASS">
          <reporter-output>
          </reporter-output>
        </test-method> <!-- LaunchApp -->
        <test-method signature="Login(java.lang.String,java.lang.String)[pri:0, instance:com.TestNG.Tests.OrangeHRM@63f259c3]" started-at="2023-10-21T09:39:51 GMT" name="Login" finished-at="2023-10-21T09:39:54 GMT" duration-ms="3169" status="PASS">
          <params>
            <param index="0">
              <value>
                <![CDATA[Admin]]>
              </value>
            </param>
            <param index="1">
              <value>
                <![CDATA[admin123]]>
              </value>
            </param>
          </params>
          <reporter-output>
          </reporter-output>
        </test-method> <!-- Login -->
        <test-method signature="NavigateToMyInfo()[pri:0, instance:com.TestNG.Tests.OrangeHRM@63f259c3]" started-at="2023-10-21T09:39:54 GMT" name="NavigateToMyInfo" finished-at="2023-10-21T09:39:57 GMT" duration-ms="3041" status="PASS">
          <reporter-output>
          </reporter-output>
        </test-method> <!-- NavigateToMyInfo -->
        <test-method signature="VerifyMyInfo()[pri:0, instance:com.TestNG.Tests.OrangeHRM@63f259c3]" started-at="2023-10-21T09:39:57 GMT" name="VerifyMyInfo" finished-at="2023-10-21T09:39:58 GMT" duration-ms="1240" status="PASS">
          <reporter-output>
          </reporter-output>
        </test-method> <!-- VerifyMyInfo -->
        <test-method is-config="true" signature="Teardown(java.lang.Long)[pri:0, instance:com.TestNG.Tests.OrangeHRM@63f259c3]" started-at="2023-10-21T09:39:58 GMT" name="Teardown" finished-at="2023-10-21T09:40:02 GMT" duration-ms="3394" status="PASS">
          <params>
            <param index="0">
              <value>
                <![CDATA[3000]]>
              </value>
            </param>
          </params>
          <reporter-output>
          </reporter-output>
        </test-method> <!-- Teardown -->
      </class> <!-- com.TestNG.Tests.OrangeHRM -->
    </test> <!-- MyInfo -->
  </suite> <!-- DemoSuite -->
</testng-results>
