<?xml version="1.0" encoding="UTF-8"?>
<!-- Generated by org.testng.reporters.JUnitXMLReporter -->
<testsuite ignored="2" hostname="testing" failures="0" tests="3" name="Login" time="23.324" errors="0" timestamp="2023-10-21T09:39:43 GMT">
  <testcase classname="com.TestNG.Tests.OrangeHRM" name="LaunchApp" time="5.005"/>
  <testcase classname="com.TestNG.Tests.OrangeHRM" name="Login" time="2.038"/>
  <testcase classname="com.TestNG.Tests.OrangeHRM" name="VerifyLogin" time="2.221"/>
  <testcase classname="com.TestNG.Tests.OrangeHRM" name="VerifyMyInfo" time="0.0">
    <ignored/>
  </testcase> <!-- VerifyMyInfo -->
  <testcase classname="com.TestNG.Tests.OrangeHRM" name="NavigateToMyInfo" time="0.0">
    <ignored/>
  </testcase> <!-- NavigateToMyInfo -->
</testsuite> <!-- Login -->
