<?xml version="1.0" encoding="UTF-8"?>
<!-- Generated by org.testng.reporters.JUnitXMLReporter -->
<testsuite ignored="1" hostname="testing" failures="0" tests="4" name="MyInfo" time="19.193" errors="0" timestamp="2023-10-21T09:40:02 GMT">
  <testcase classname="com.TestNG.Tests.OrangeHRM" name="LaunchApp" time="4.32"/>
  <testcase classname="com.TestNG.Tests.OrangeHRM" name="Login" time="3.169"/>
  <testcase classname="com.TestNG.Tests.OrangeHRM" name="NavigateToMyInfo" time="3.041"/>
  <testcase classname="com.TestNG.Tests.OrangeHRM" name="VerifyMyInfo" time="1.24"/>
  <testcase classname="com.TestNG.Tests.OrangeHRM" name="VerifyLogin" time="0.0">
    <ignored/>
  </testcase> <!-- VerifyLogin -->
</testsuite> <!-- MyInfo -->
